<?xml version="1.0" encoding="UTF-8"?>
<!-- Generated by org.testng.reporters.JUnitReportReporter -->
<testsuite hostname="LAPTOP-POM6KTNO" failures="0" tests="1" name="com.goodreads.qa.testcases.TestsecnariosonGoodreads" time="33.479" errors="0" timestamp="2023-08-05T13:24:58 IST" skipped="0">
  <testcase classname="com.goodreads.qa.testcases.TestsecnariosonGoodreads" name="Logincredentials" time="33.479"/>
  <system-out/>
</testsuite> <!-- com.goodreads.qa.testcases.TestsecnariosonGoodreads -->
